2021-11-02 10:40:08,901 - beam_mma - INFO - outvector1 = [0 0 100.0 array([ 6.3104])]
2021-11-02 10:40:08,902 - beam_mma - INFO - outvector2 = [ 0.3000  0.3000  0.3000  0.3000  0.3000  0.3000  0.3000  0.3000  0.3000
  0.3000  0.3000  0.3000  0.3000  0.3000  0.3000  0.3000  0.3000  0.3000
  0.3000  0.3000  0.3000  0.3000  0.3000  0.3000  0.3000  0.3000  0.3000
  0.3000  0.3000  0.3000  0.3000  0.3000  0.3000  0.3000  0.3000  0.3000
  0.3000  0.3000  0.3000  0.3000  0.3000  0.3000  0.3000  0.3000  0.3000
  1.0000  1.0000  1.0000  1.0000  1.0000]

2021-11-02 10:40:10,401 - beam_mma - INFO - outvector1 = [1 0 100.46258017409691 array([ 5.4917])]
2021-11-02 10:40:10,401 - beam_mma - INFO - outvector2 = [ 0.2910  0.2910  0.2910  0.2910  0.2910  0.2910  0.2910  0.2910  0.2910
  0.2910  0.2910  0.2910  0.2910  0.2910  0.2910  0.2910  0.2910  0.2910
  0.2910  0.2910  0.2910  0.2910  0.2910  0.2910  0.2910  0.2910  0.2910
  0.2910  0.2910  0.2910  0.2910  0.2910  0.2910  0.2910  0.2910  0.2910
  0.2910  0.2910  0.2910  0.2910  0.2910  0.2910  0.2910  0.2910  0.2910
  0.9999  0.9999  0.9999  0.9999  0.9999]

2021-11-02 10:40:11,666 - beam_mma - INFO - outvector1 = [2 0 100.94015282529081 array([ 4.6731])]
2021-11-02 10:40:11,666 - beam_mma - INFO - outvector2 = [ 0.2820  0.2820  0.2820  0.2820  0.2820  0.2820  0.2820  0.2820  0.2820
  0.2820  0.2820  0.2820  0.2820  0.2820  0.2820  0.2820  0.2820  0.2820
  0.2820  0.2820  0.2820  0.2820  0.2820  0.2820  0.2820  0.2820  0.2820
  0.2820  0.2820  0.2820  0.2820  0.2820  0.2820  0.2820  0.2820  0.2820
  0.2820  0.2820  0.2820  0.2820  0.2820  0.2820  0.2820  0.2820  0.2820
  0.9998  0.9998  0.9998  0.9998  0.9998]

2021-11-02 10:40:12,909 - beam_mma - INFO - outvector1 = [3 0 101.53456049770493 array([ 3.6906])]
2021-11-02 10:40:12,909 - beam_mma - INFO - outvector2 = [ 0.2712  0.2712  0.2712  0.2712  0.2712  0.2712  0.2712  0.2712  0.2712
  0.2712  0.2712  0.2712  0.2712  0.2712  0.2712  0.2712  0.2712  0.2712
  0.2712  0.2712  0.2712  0.2712  0.2712  0.2712  0.2712  0.2712  0.2712
  0.2712  0.2712  0.2712  0.2712  0.2712  0.2712  0.2712  0.2712  0.2712
  0.2712  0.2712  0.2712  0.2712  0.2712  0.2712  0.2712  0.2712  0.2712
  0.9997  0.9997  0.9997  0.9997  0.9997]

2021-11-02 10:40:12,911 - beam_mma - INFO -  Finished
